period=SecondHalf    | clock=  5s | timeout=none         | conf_pause=none   | pens=[]
period=SecondHalf    | clock=  4s | timeout=none         | conf_pause=none   | pens=[]
period=SecondHalf    | clock=  3s | timeout=none         | conf_pause=none   | pens=[]
period=SecondHalf    | clock=  2s | timeout=none         | conf_pause=none   | pens=[]
period=SecondHalf    | clock=  1s | timeout=none         | conf_pause=none   | pens=[]
period=SecondHalf    | clock=  0s | timeout=none         | conf_pause=none   | pens=[]
period=SecondHalf    | clock=  0s | timeout=none         | conf_pause=2s     | pens=[]
period=SecondHalf    | clock=  0s | timeout=none         | conf_pause=1s     | pens=[]
period=SecondHalf    | clock=  0s | timeout=none         | conf_pause=0s     | pens=[]
period=PreOvertime   | clock=  2s | timeout=none         | conf_pause=none   | pens=[]
period=PreOvertime   | clock=  1s | timeout=none         | conf_pause=none   | pens=[]
period=PreOvertime   | clock=  0s | timeout=none         | conf_pause=none   | pens=[]
period=OvertimeFirstHalf | clock= 10s | timeout=none         | conf_pause=none   | pens=[]
period=OvertimeFirstHalf | clock=  9s | timeout=none         | conf_pause=none   | pens=[]
period=OvertimeFirstHalf | clock=  8s | timeout=none         | conf_pause=none   | pens=[]
period=OvertimeFirstHalf | clock=  7s | timeout=none         | conf_pause=none   | pens=[]
period=OvertimeFirstHalf | clock=  6s | timeout=none         | conf_pause=none   | pens=[]
period=OvertimeFirstHalf | clock=  5s | timeout=none         | conf_pause=none   | pens=[]
period=OvertimeFirstHalf | clock=  4s | timeout=none         | conf_pause=none   | pens=[]
period=OvertimeFirstHalf | clock=  3s | timeout=none         | conf_pause=none   | pens=[]
period=OvertimeFirstHalf | clock=  2s | timeout=none         | conf_pause=none   | pens=[]
period=OvertimeFirstHalf | clock=  1s | timeout=none         | conf_pause=none   | pens=[]
period=OvertimeFirstHalf | clock=  0s | timeout=none         | conf_pause=none   | pens=[]
period=OvertimeHalfTime | clock=  5s | timeout=none         | conf_pause=none   | pens=[]
period=OvertimeHalfTime | clock=  4s | timeout=none         | conf_pause=none   | pens=[]
period=OvertimeHalfTime | clock=  3s | timeout=none         | conf_pause=none   | pens=[]
period=OvertimeHalfTime | clock=  2s | timeout=none         | conf_pause=none   | pens=[]
period=OvertimeHalfTime | clock=  1s | timeout=none         | conf_pause=none   | pens=[]
period=OvertimeHalfTime | clock=  0s | timeout=none         | conf_pause=none   | pens=[]
period=OvertimeSecondHalf | clock= 10s | timeout=none         | conf_pause=none   | pens=[]
period=OvertimeSecondHalf | clock=  9s | timeout=none         | conf_pause=none   | pens=[]
period=OvertimeSecondHalf | clock=  8s | timeout=none         | conf_pause=none   | pens=[]
period=OvertimeSecondHalf | clock=  7s | timeout=none         | conf_pause=none   | pens=[]
period=OvertimeSecondHalf | clock=  6s | timeout=none         | conf_pause=none   | pens=[]
period=OvertimeSecondHalf | clock=  5s | timeout=none         | conf_pause=none   | pens=[]
period=OvertimeSecondHalf | clock=  4s | timeout=none         | conf_pause=none   | pens=[]
period=OvertimeSecondHalf | clock=  3s | timeout=none         | conf_pause=none   | pens=[]
period=OvertimeSecondHalf | clock=  2s | timeout=none         | conf_pause=none   | pens=[]
period=OvertimeSecondHalf | clock=  1s | timeout=none         | conf_pause=none   | pens=[]
period=OvertimeSecondHalf | clock=  0s | timeout=none         | conf_pause=none   | pens=[]
period=OvertimeSecondHalf | clock=  0s | timeout=none         | conf_pause=3s     | pens=[]
period=OvertimeSecondHalf | clock=  0s | timeout=none         | conf_pause=2s     | pens=[]
period=OvertimeSecondHalf | clock=  0s | timeout=none         | conf_pause=1s     | pens=[]
period=OvertimeSecondHalf | clock=  0s | timeout=none         | conf_pause=0s     | pens=[]
period=BetweenGames  | clock= 10s | timeout=none         | conf_pause=none   | pens=[]
period=BetweenGames  | clock=  9s | timeout=none         | conf_pause=none   | pens=[]
period=BetweenGames  | clock=  8s | timeout=none         | conf_pause=none   | pens=[]
period=BetweenGames  | clock=  7s | timeout=none         | conf_pause=none   | pens=[]
period=BetweenGames  | clock=  6s | timeout=none         | conf_pause=none   | pens=[]
period=BetweenGames  | clock=  5s | timeout=none         | conf_pause=none   | pens=[]
period=BetweenGames  | clock=  4s | timeout=none         | conf_pause=none   | pens=[]
period=BetweenGames  | clock=  3s | timeout=none         | conf_pause=none   | pens=[]
