period=SecondHalf    | clock=  5s | score=B0/W0   | timeout=none         | conf_pause=none   | old?=N | pens=[]
period=SecondHalf    | clock=  4s | score=B0/W0   | timeout=none         | conf_pause=none   | old?=N | pens=[]
period=SecondHalf    | clock=  3s | score=B0/W0   | timeout=none         | conf_pause=none   | old?=N | pens=[]
period=SecondHalf    | clock=  3s | score=B0/W0   | timeout=none         | conf_pause=none   | old?=N | pens=[W#3:60]
period=SecondHalf    | clock=  2s | score=B0/W0   | timeout=none         | conf_pause=none   | old?=N | pens=[W#3:59]
period=SecondHalf    | clock=  1s | score=B0/W0   | timeout=none         | conf_pause=none   | old?=N | pens=[W#3:58]
period=SecondHalf    | clock=  0s | score=B0/W0   | timeout=none         | conf_pause=none   | old?=N | pens=[W#3:57]
period=SecondHalf    | clock=  0s | score=B0/W0   | timeout=none         | conf_pause=2s     | old?=N | pens=[W#3:57]
period=SecondHalf    | clock=  0s | score=B0/W0   | timeout=none         | conf_pause=1s     | old?=N | pens=[W#3:57]
period=SecondHalf    | clock=  0s | score=B0/W0   | timeout=none         | conf_pause=0s     | old?=N | pens=[W#3:57]
period=PreOvertime   | clock=  2s | score=B0/W0   | timeout=none         | conf_pause=none   | old?=N | pens=[W#3:57]
period=PreOvertime   | clock=  1s | score=B0/W0   | timeout=none         | conf_pause=none   | old?=N | pens=[W#3:57]
period=PreOvertime   | clock=  0s | score=B0/W0   | timeout=none         | conf_pause=none   | old?=N | pens=[W#3:57]
period=OvertimeFirstHalf | clock= 15s | score=B0/W0   | timeout=none         | conf_pause=none   | old?=N | pens=[W#3:57]
period=OvertimeFirstHalf | clock= 14s | score=B0/W0   | timeout=none         | conf_pause=none   | old?=N | pens=[W#3:56]
period=OvertimeFirstHalf | clock= 13s | score=B0/W0   | timeout=none         | conf_pause=none   | old?=N | pens=[W#3:55]
period=OvertimeFirstHalf | clock= 12s | score=B0/W0   | timeout=none         | conf_pause=none   | old?=N | pens=[W#3:54]
period=OvertimeFirstHalf | clock= 11s | score=B0/W0   | timeout=none         | conf_pause=none   | old?=N | pens=[W#3:53]
period=OvertimeFirstHalf | clock= 10s | score=B0/W0   | timeout=none         | conf_pause=none   | old?=N | pens=[W#3:52]
period=OvertimeFirstHalf | clock=  9s | score=B0/W0   | timeout=none         | conf_pause=none   | old?=N | pens=[W#3:51]
period=OvertimeFirstHalf | clock=  8s | score=B0/W0   | timeout=none         | conf_pause=none   | old?=N | pens=[W#3:50]
period=OvertimeFirstHalf | clock=  7s | score=B0/W0   | timeout=none         | conf_pause=none   | old?=N | pens=[W#3:49]
period=OvertimeFirstHalf | clock=  6s | score=B0/W0   | timeout=none         | conf_pause=none   | old?=N | pens=[W#3:48]
period=OvertimeFirstHalf | clock=  5s | score=B0/W0   | timeout=none         | conf_pause=none   | old?=N | pens=[W#3:47]
period=OvertimeFirstHalf | clock=  4s | score=B0/W0   | timeout=none         | conf_pause=none   | old?=N | pens=[W#3:46]
period=OvertimeFirstHalf | clock=  3s | score=B0/W0   | timeout=none         | conf_pause=none   | old?=N | pens=[W#3:45]
period=OvertimeFirstHalf | clock=  2s | score=B0/W0   | timeout=none         | conf_pause=none   | old?=N | pens=[W#3:44]
period=OvertimeFirstHalf | clock=  1s | score=B0/W0   | timeout=none         | conf_pause=none   | old?=N | pens=[W#3:43]
period=OvertimeFirstHalf | clock=  0s | score=B0/W0   | timeout=none         | conf_pause=none   | old?=N | pens=[W#3:42]
period=OvertimeHalfTime | clock=  5s | score=B0/W0   | timeout=none         | conf_pause=none   | old?=N | pens=[W#3:42]
period=OvertimeHalfTime | clock=  4s | score=B0/W0   | timeout=none         | conf_pause=none   | old?=N | pens=[W#3:42]
period=OvertimeHalfTime | clock=  3s | score=B0/W0   | timeout=none         | conf_pause=none   | old?=N | pens=[W#3:42]
period=OvertimeHalfTime | clock=  2s | score=B0/W0   | timeout=none         | conf_pause=none   | old?=N | pens=[W#3:42]
period=OvertimeHalfTime | clock=  1s | score=B0/W0   | timeout=none         | conf_pause=none   | old?=N | pens=[W#3:42]
period=OvertimeHalfTime | clock=  0s | score=B0/W0   | timeout=none         | conf_pause=none   | old?=N | pens=[W#3:42]
period=OvertimeSecondHalf | clock= 15s | score=B0/W0   | timeout=none         | conf_pause=none   | old?=N | pens=[W#3:42]
period=OvertimeSecondHalf | clock= 14s | score=B0/W0   | timeout=none         | conf_pause=none   | old?=N | pens=[W#3:41]
period=OvertimeSecondHalf | clock= 13s | score=B0/W0   | timeout=none         | conf_pause=none   | old?=N | pens=[W#3:40]
period=OvertimeSecondHalf | clock= 12s | score=B0/W0   | timeout=none         | conf_pause=none   | old?=N | pens=[W#3:39]
period=OvertimeSecondHalf | clock= 11s | score=B0/W0   | timeout=none         | conf_pause=none   | old?=N | pens=[W#3:38]
period=OvertimeSecondHalf | clock= 10s | score=B0/W0   | timeout=none         | conf_pause=none   | old?=N | pens=[W#3:37]
period=OvertimeSecondHalf | clock=  9s | score=B0/W0   | timeout=none         | conf_pause=none   | old?=N | pens=[W#3:36]
period=OvertimeSecondHalf | clock=  8s | score=B0/W0   | timeout=none         | conf_pause=none   | old?=N | pens=[W#3:35]
period=OvertimeSecondHalf | clock=  7s | score=B0/W0   | timeout=none         | conf_pause=none   | old?=N | pens=[W#3:34]
period=OvertimeSecondHalf | clock=  6s | score=B0/W0   | timeout=none         | conf_pause=none   | old?=N | pens=[W#3:33]
period=OvertimeSecondHalf | clock=  5s | score=B0/W0   | timeout=none         | conf_pause=none   | old?=N | pens=[W#3:32]
period=OvertimeSecondHalf | clock=  4s | score=B0/W0   | timeout=none         | conf_pause=none   | old?=N | pens=[W#3:31]
period=OvertimeSecondHalf | clock=  3s | score=B0/W0   | timeout=none         | conf_pause=none   | old?=N | pens=[W#3:30]
period=OvertimeSecondHalf | clock=  2s | score=B0/W0   | timeout=none         | conf_pause=none   | old?=N | pens=[W#3:29]
period=OvertimeSecondHalf | clock=  1s | score=B0/W0   | timeout=none         | conf_pause=none   | old?=N | pens=[W#3:28]
period=OvertimeSecondHalf | clock=  0s | score=B0/W0   | timeout=none         | conf_pause=none   | old?=N | pens=[W#3:27]
period=OvertimeSecondHalf | clock=  0s | score=B0/W0   | timeout=none         | conf_pause=3s     | old?=N | pens=[W#3:27]
period=OvertimeSecondHalf | clock=  0s | score=B0/W0   | timeout=none         | conf_pause=2s     | old?=N | pens=[W#3:27]
period=OvertimeSecondHalf | clock=  0s | score=B0/W0   | timeout=none         | conf_pause=1s     | old?=N | pens=[W#3:27]
period=OvertimeSecondHalf | clock=  0s | score=B0/W0   | timeout=none         | conf_pause=0s     | old?=N | pens=[W#3:27]
period=BetweenGames  | clock= 10s | score=B0/W0   | timeout=none         | conf_pause=none   | old?=N | pens=[W#3:0]
period=BetweenGames  | clock=  9s | score=B0/W0   | timeout=none         | conf_pause=none   | old?=N | pens=[W#3:0]
period=BetweenGames  | clock=  8s | score=B0/W0   | timeout=none         | conf_pause=none   | old?=N | pens=[W#3:0]
