period=FirstHalf     | clock= 60s | timeout=none         | conf_pause=none   | pens=[]
period=FirstHalf     | clock= 59s | timeout=none         | conf_pause=none   | pens=[]
period=FirstHalf     | clock= 58s | timeout=none         | conf_pause=none   | pens=[]
period=FirstHalf     | clock= 57s | timeout=none         | conf_pause=none   | pens=[]
period=FirstHalf     | clock= 56s | timeout=none         | conf_pause=none   | pens=[]
period=FirstHalf     | clock= 55s | timeout=none         | conf_pause=none   | pens=[]
period=FirstHalf     | clock= 55s | timeout=Black:15s    | conf_pause=none   | pens=[]
period=FirstHalf     | clock= 55s | timeout=Black:14s    | conf_pause=none   | pens=[]
period=FirstHalf     | clock= 55s | timeout=Black:13s    | conf_pause=none   | pens=[]
period=FirstHalf     | clock= 55s | timeout=Black:12s    | conf_pause=none   | pens=[]
period=FirstHalf     | clock= 55s | timeout=Black:12s    | conf_pause=none   | pens=[W#2:30]
period=FirstHalf     | clock= 55s | timeout=Black:11s    | conf_pause=none   | pens=[W#2:30]
period=FirstHalf     | clock= 55s | timeout=Black:10s    | conf_pause=none   | pens=[W#2:30]
period=FirstHalf     | clock= 55s | timeout=Black:9s     | conf_pause=none   | pens=[W#2:30]
period=FirstHalf     | clock= 55s | timeout=Black:8s     | conf_pause=none   | pens=[W#2:30]
period=FirstHalf     | clock= 55s | timeout=Black:7s     | conf_pause=none   | pens=[W#2:30]
period=FirstHalf     | clock= 55s | timeout=Black:6s     | conf_pause=none   | pens=[W#2:30]
period=FirstHalf     | clock= 55s | timeout=Black:5s     | conf_pause=none   | pens=[W#2:30]
period=FirstHalf     | clock= 55s | timeout=Black:4s     | conf_pause=none   | pens=[W#2:30]
period=FirstHalf     | clock= 55s | timeout=Black:3s     | conf_pause=none   | pens=[W#2:30]
period=FirstHalf     | clock= 55s | timeout=Black:2s     | conf_pause=none   | pens=[W#2:30]
period=FirstHalf     | clock= 55s | timeout=Black:1s     | conf_pause=none   | pens=[W#2:30]
period=FirstHalf     | clock= 55s | timeout=Black:0s     | conf_pause=none   | pens=[W#2:30]
period=FirstHalf     | clock= 55s | timeout=none         | conf_pause=none   | pens=[W#2:30]
period=FirstHalf     | clock= 54s | timeout=none         | conf_pause=none   | pens=[W#2:29]
period=FirstHalf     | clock= 53s | timeout=none         | conf_pause=none   | pens=[W#2:28]
period=FirstHalf     | clock= 52s | timeout=none         | conf_pause=none   | pens=[W#2:27]
period=FirstHalf     | clock= 51s | timeout=none         | conf_pause=none   | pens=[W#2:26]
period=FirstHalf     | clock= 50s | timeout=none         | conf_pause=none   | pens=[W#2:25]
period=FirstHalf     | clock= 49s | timeout=none         | conf_pause=none   | pens=[W#2:24]
period=FirstHalf     | clock= 48s | timeout=none         | conf_pause=none   | pens=[W#2:23]
period=FirstHalf     | clock= 47s | timeout=none         | conf_pause=none   | pens=[W#2:22]
period=FirstHalf     | clock= 46s | timeout=none         | conf_pause=none   | pens=[W#2:21]
period=FirstHalf     | clock= 45s | timeout=none         | conf_pause=none   | pens=[W#2:20]
period=FirstHalf     | clock= 44s | timeout=none         | conf_pause=none   | pens=[W#2:19]
period=FirstHalf     | clock= 43s | timeout=none         | conf_pause=none   | pens=[W#2:18]
period=FirstHalf     | clock= 42s | timeout=none         | conf_pause=none   | pens=[W#2:17]
period=FirstHalf     | clock= 41s | timeout=none         | conf_pause=none   | pens=[W#2:16]
period=FirstHalf     | clock= 40s | timeout=none         | conf_pause=none   | pens=[W#2:15]
period=FirstHalf     | clock= 39s | timeout=none         | conf_pause=none   | pens=[W#2:14]
period=FirstHalf     | clock= 38s | timeout=none         | conf_pause=none   | pens=[W#2:13]
period=FirstHalf     | clock= 37s | timeout=none         | conf_pause=none   | pens=[W#2:12]
period=FirstHalf     | clock= 36s | timeout=none         | conf_pause=none   | pens=[W#2:11]
period=FirstHalf     | clock= 35s | timeout=none         | conf_pause=none   | pens=[W#2:10]
period=FirstHalf     | clock= 34s | timeout=none         | conf_pause=none   | pens=[W#2:9]
period=FirstHalf     | clock= 33s | timeout=none         | conf_pause=none   | pens=[W#2:8]
period=FirstHalf     | clock= 32s | timeout=none         | conf_pause=none   | pens=[W#2:7]
period=FirstHalf     | clock= 31s | timeout=none         | conf_pause=none   | pens=[W#2:6]
period=FirstHalf     | clock= 30s | timeout=none         | conf_pause=none   | pens=[W#2:5]
period=FirstHalf     | clock= 29s | timeout=none         | conf_pause=none   | pens=[W#2:4]
period=FirstHalf     | clock= 28s | timeout=none         | conf_pause=none   | pens=[W#2:3]
period=FirstHalf     | clock= 27s | timeout=none         | conf_pause=none   | pens=[W#2:2]
period=FirstHalf     | clock= 26s | timeout=none         | conf_pause=none   | pens=[W#2:1]
period=FirstHalf     | clock= 25s | timeout=none         | conf_pause=none   | pens=[W#2:0]
