period=FirstHalf     | clock= 40s | score=B0/W0   | timeout=none         | conf_pause=none   | old?=N | pens=[]
period=FirstHalf     | clock= 39s | score=B0/W0   | timeout=none         | conf_pause=none   | old?=N | pens=[]
period=FirstHalf     | clock= 38s | score=B0/W0   | timeout=none         | conf_pause=none   | old?=N | pens=[]
period=FirstHalf     | clock= 37s | score=B0/W0   | timeout=none         | conf_pause=none   | old?=N | pens=[]
period=FirstHalf     | clock= 37s | score=B0/W0   | timeout=none         | conf_pause=none   | old?=N | pens=[W#5:TD]
period=FirstHalf     | clock= 36s | score=B0/W0   | timeout=none         | conf_pause=none   | old?=N | pens=[W#5:TD]
period=FirstHalf     | clock= 35s | score=B0/W0   | timeout=none         | conf_pause=none   | old?=N | pens=[W#5:TD]
period=FirstHalf     | clock= 34s | score=B0/W0   | timeout=none         | conf_pause=none   | old?=N | pens=[W#5:TD]
period=FirstHalf     | clock= 33s | score=B0/W0   | timeout=none         | conf_pause=none   | old?=N | pens=[W#5:TD]
period=FirstHalf     | clock= 32s | score=B0/W0   | timeout=none         | conf_pause=none   | old?=N | pens=[W#5:TD]
period=FirstHalf     | clock= 31s | score=B0/W0   | timeout=none         | conf_pause=none   | old?=N | pens=[W#5:TD]
period=FirstHalf     | clock= 30s | score=B0/W0   | timeout=none         | conf_pause=none   | old?=N | pens=[W#5:TD]
period=FirstHalf     | clock= 29s | score=B0/W0   | timeout=none         | conf_pause=none   | old?=N | pens=[W#5:TD]
period=FirstHalf     | clock= 28s | score=B0/W0   | timeout=none         | conf_pause=none   | old?=N | pens=[W#5:TD]
period=FirstHalf     | clock= 27s | score=B0/W0   | timeout=none         | conf_pause=none   | old?=N | pens=[W#5:TD]
period=FirstHalf     | clock= 26s | score=B0/W0   | timeout=none         | conf_pause=none   | old?=N | pens=[W#5:TD]
period=FirstHalf     | clock= 25s | score=B0/W0   | timeout=none         | conf_pause=none   | old?=N | pens=[W#5:TD]
period=FirstHalf     | clock= 24s | score=B0/W0   | timeout=none         | conf_pause=none   | old?=N | pens=[W#5:TD]
period=FirstHalf     | clock= 23s | score=B0/W0   | timeout=none         | conf_pause=none   | old?=N | pens=[W#5:TD]
period=FirstHalf     | clock= 22s | score=B0/W0   | timeout=none         | conf_pause=none   | old?=N | pens=[W#5:TD]
period=FirstHalf     | clock= 21s | score=B0/W0   | timeout=none         | conf_pause=none   | old?=N | pens=[W#5:TD]
period=FirstHalf     | clock= 20s | score=B0/W0   | timeout=none         | conf_pause=none   | old?=N | pens=[W#5:TD]
period=FirstHalf     | clock= 19s | score=B0/W0   | timeout=none         | conf_pause=none   | old?=N | pens=[W#5:TD]
period=FirstHalf     | clock= 18s | score=B0/W0   | timeout=none         | conf_pause=none   | old?=N | pens=[W#5:TD]
period=FirstHalf     | clock= 17s | score=B0/W0   | timeout=none         | conf_pause=none   | old?=N | pens=[W#5:TD]
period=FirstHalf     | clock= 16s | score=B0/W0   | timeout=none         | conf_pause=none   | old?=N | pens=[W#5:TD]
period=FirstHalf     | clock= 15s | score=B0/W0   | timeout=none         | conf_pause=none   | old?=N | pens=[W#5:TD]
period=FirstHalf     | clock= 14s | score=B0/W0   | timeout=none         | conf_pause=none   | old?=N | pens=[W#5:TD]
period=FirstHalf     | clock= 13s | score=B0/W0   | timeout=none         | conf_pause=none   | old?=N | pens=[W#5:TD]
period=FirstHalf     | clock= 12s | score=B0/W0   | timeout=none         | conf_pause=none   | old?=N | pens=[W#5:TD]
period=FirstHalf     | clock= 11s | score=B0/W0   | timeout=none         | conf_pause=none   | old?=N | pens=[W#5:TD]
period=FirstHalf     | clock= 10s | score=B0/W0   | timeout=none         | conf_pause=none   | old?=N | pens=[W#5:TD]
period=FirstHalf     | clock=  9s | score=B0/W0   | timeout=none         | conf_pause=none   | old?=N | pens=[W#5:TD]
period=FirstHalf     | clock=  8s | score=B0/W0   | timeout=none         | conf_pause=none   | old?=N | pens=[W#5:TD]
period=FirstHalf     | clock=  7s | score=B0/W0   | timeout=none         | conf_pause=none   | old?=N | pens=[W#5:TD]
period=FirstHalf     | clock=  6s | score=B0/W0   | timeout=none         | conf_pause=none   | old?=N | pens=[W#5:TD]
period=FirstHalf     | clock=  5s | score=B0/W0   | timeout=none         | conf_pause=none   | old?=N | pens=[W#5:TD]
period=FirstHalf     | clock=  4s | score=B0/W0   | timeout=none         | conf_pause=none   | old?=N | pens=[W#5:TD]
period=FirstHalf     | clock=  3s | score=B0/W0   | timeout=none         | conf_pause=none   | old?=N | pens=[W#5:TD]
period=FirstHalf     | clock=  2s | score=B0/W0   | timeout=none         | conf_pause=none   | old?=N | pens=[W#5:TD]
period=FirstHalf     | clock=  1s | score=B0/W0   | timeout=none         | conf_pause=none   | old?=N | pens=[W#5:TD]
period=FirstHalf     | clock=  0s | score=B0/W0   | timeout=none         | conf_pause=none   | old?=N | pens=[W#5:TD]
period=HalfTime      | clock=  8s | score=B0/W0   | timeout=none         | conf_pause=none   | old?=N | pens=[W#5:TD]
period=HalfTime      | clock=  7s | score=B0/W0   | timeout=none         | conf_pause=none   | old?=N | pens=[W#5:TD]
period=HalfTime      | clock=  6s | score=B0/W0   | timeout=none         | conf_pause=none   | old?=N | pens=[W#5:TD]
period=HalfTime      | clock=  5s | score=B0/W0   | timeout=none         | conf_pause=none   | old?=N | pens=[W#5:TD]
period=HalfTime      | clock=  4s | score=B0/W0   | timeout=none         | conf_pause=none   | old?=N | pens=[W#5:TD]
period=HalfTime      | clock=  3s | score=B0/W0   | timeout=none         | conf_pause=none   | old?=N | pens=[W#5:TD]
period=HalfTime      | clock=  2s | score=B0/W0   | timeout=none         | conf_pause=none   | old?=N | pens=[W#5:TD]
period=HalfTime      | clock=  1s | score=B0/W0   | timeout=none         | conf_pause=none   | old?=N | pens=[W#5:TD]
period=HalfTime      | clock=  0s | score=B0/W0   | timeout=none         | conf_pause=none   | old?=N | pens=[W#5:TD]
period=SecondHalf    | clock= 40s | score=B0/W0   | timeout=none         | conf_pause=none   | old?=N | pens=[W#5:TD]
period=SecondHalf    | clock= 39s | score=B0/W0   | timeout=none         | conf_pause=none   | old?=N | pens=[W#5:TD]
period=SecondHalf    | clock= 38s | score=B0/W0   | timeout=none         | conf_pause=none   | old?=N | pens=[W#5:TD]
