period=SecondHalf    | clock=  5s | timeout=none         | conf_pause=none   | pens=[B#1:120]
period=SecondHalf    | clock=  4s | timeout=none         | conf_pause=none   | pens=[B#1:119]
period=SecondHalf    | clock=  3s | timeout=none         | conf_pause=none   | pens=[B#1:118]
period=SecondHalf    | clock=  2s | timeout=none         | conf_pause=none   | pens=[B#1:117]
period=SecondHalf    | clock=  1s | timeout=none         | conf_pause=none   | pens=[B#1:116]
period=SecondHalf    | clock=  0s | timeout=none         | conf_pause=none   | pens=[B#1:115]
period=SecondHalf    | clock=  0s | timeout=none         | conf_pause=3s     | pens=[B#1:115]
period=SecondHalf    | clock=  0s | timeout=none         | conf_pause=2s     | pens=[B#1:115]
period=SecondHalf    | clock=  0s | timeout=none         | conf_pause=1s     | pens=[B#1:115]
period=SecondHalf    | clock=  0s | timeout=none         | conf_pause=0s     | pens=[B#1:115]
period=BetweenGames  | clock= 10s | timeout=none         | conf_pause=none   | pens=[B#1:0]
period=BetweenGames  | clock=  9s | timeout=none         | conf_pause=none   | pens=[B#1:0]
period=BetweenGames  | clock=  8s | timeout=none         | conf_pause=none   | pens=[B#1:0]
period=BetweenGames  | clock=  7s | timeout=none         | conf_pause=none   | pens=[B#1:0]
period=BetweenGames  | clock=  6s | timeout=none         | conf_pause=none   | pens=[B#1:0]
period=BetweenGames  | clock=  5s | timeout=none         | conf_pause=none   | pens=[B#1:0]
period=BetweenGames  | clock=  4s | timeout=none         | conf_pause=none   | pens=[B#1:0]
period=BetweenGames  | clock=  3s | timeout=none         | conf_pause=none   | pens=[B#1:0]
period=BetweenGames  | clock=  2s | timeout=none         | conf_pause=none   | pens=[B#1:0]
period=BetweenGames  | clock=  1s | timeout=none         | conf_pause=none   | pens=[B#1:0]
period=BetweenGames  | clock=  0s | timeout=none         | conf_pause=none   | pens=[B#1:0]
period=FirstHalf     | clock= 20s | timeout=none         | conf_pause=none   | pens=[B#1:155]
period=FirstHalf     | clock= 19s | timeout=none         | conf_pause=none   | pens=[B#1:154]
period=FirstHalf     | clock= 18s | timeout=none         | conf_pause=none   | pens=[B#1:153]
