period=FirstHalf     | clock= 20s | timeout=none         | conf_pause=none   | pens=[]
period=FirstHalf     | clock= 19s | timeout=none         | conf_pause=none   | pens=[]
period=FirstHalf     | clock= 18s | timeout=none         | conf_pause=none   | pens=[]
period=FirstHalf     | clock= 17s | timeout=none         | conf_pause=none   | pens=[]
period=FirstHalf     | clock= 16s | timeout=none         | conf_pause=none   | pens=[]
period=FirstHalf     | clock= 15s | timeout=none         | conf_pause=none   | pens=[]
period=FirstHalf     | clock= 15s | timeout=none         | conf_pause=none   | pens=[W#9:60]
period=FirstHalf     | clock= 14s | timeout=none         | conf_pause=none   | pens=[W#9:59]
period=FirstHalf     | clock= 13s | timeout=none         | conf_pause=none   | pens=[W#9:58]
period=FirstHalf     | clock= 12s | timeout=none         | conf_pause=none   | pens=[W#9:57]
period=FirstHalf     | clock= 11s | timeout=none         | conf_pause=none   | pens=[W#9:56]
period=FirstHalf     | clock= 10s | timeout=none         | conf_pause=none   | pens=[W#9:55]
period=FirstHalf     | clock=  9s | timeout=none         | conf_pause=none   | pens=[W#9:54]
period=FirstHalf     | clock=  8s | timeout=none         | conf_pause=none   | pens=[W#9:53]
period=FirstHalf     | clock=  7s | timeout=none         | conf_pause=none   | pens=[W#9:52]
period=FirstHalf     | clock=  6s | timeout=none         | conf_pause=none   | pens=[W#9:51]
period=FirstHalf     | clock=  5s | timeout=none         | conf_pause=none   | pens=[W#9:50]
period=FirstHalf     | clock=  4s | timeout=none         | conf_pause=none   | pens=[W#9:49]
period=FirstHalf     | clock=  3s | timeout=none         | conf_pause=none   | pens=[W#9:48]
period=FirstHalf     | clock=  2s | timeout=none         | conf_pause=none   | pens=[W#9:47]
period=FirstHalf     | clock=  1s | timeout=none         | conf_pause=none   | pens=[W#9:46]
period=FirstHalf     | clock=  0s | timeout=none         | conf_pause=none   | pens=[W#9:45]
period=HalfTime      | clock=  8s | timeout=none         | conf_pause=none   | pens=[W#9:45]
period=HalfTime      | clock=  7s | timeout=none         | conf_pause=none   | pens=[W#9:45]
period=HalfTime      | clock=  6s | timeout=none         | conf_pause=none   | pens=[W#9:45]
period=HalfTime      | clock=  5s | timeout=none         | conf_pause=none   | pens=[W#9:45]
period=HalfTime      | clock=  4s | timeout=none         | conf_pause=none   | pens=[W#9:45]
period=HalfTime      | clock=  3s | timeout=none         | conf_pause=none   | pens=[W#9:45]
period=HalfTime      | clock=  2s | timeout=none         | conf_pause=none   | pens=[W#9:45]
period=HalfTime      | clock=  1s | timeout=none         | conf_pause=none   | pens=[W#9:45]
period=HalfTime      | clock=  0s | timeout=none         | conf_pause=none   | pens=[W#9:45]
period=SecondHalf    | clock= 20s | timeout=none         | conf_pause=none   | pens=[W#9:45]
period=SecondHalf    | clock= 19s | timeout=none         | conf_pause=none   | pens=[W#9:44]
period=SecondHalf    | clock= 18s | timeout=none         | conf_pause=none   | pens=[W#9:43]
period=SecondHalf    | clock= 17s | timeout=none         | conf_pause=none   | pens=[W#9:42]
period=SecondHalf    | clock= 16s | timeout=none         | conf_pause=none   | pens=[W#9:41]
period=SecondHalf    | clock= 15s | timeout=none         | conf_pause=none   | pens=[W#9:40]
period=SecondHalf    | clock= 14s | timeout=none         | conf_pause=none   | pens=[W#9:39]
period=SecondHalf    | clock= 13s | timeout=none         | conf_pause=none   | pens=[W#9:38]
period=SecondHalf    | clock= 12s | timeout=none         | conf_pause=none   | pens=[W#9:37]
period=SecondHalf    | clock= 11s | timeout=none         | conf_pause=none   | pens=[W#9:36]
period=SecondHalf    | clock= 10s | timeout=none         | conf_pause=none   | pens=[W#9:35]
period=SecondHalf    | clock=  9s | timeout=none         | conf_pause=none   | pens=[W#9:34]
period=SecondHalf    | clock=  8s | timeout=none         | conf_pause=none   | pens=[W#9:33]
period=SecondHalf    | clock=  7s | timeout=none         | conf_pause=none   | pens=[W#9:32]
period=SecondHalf    | clock=  6s | timeout=none         | conf_pause=none   | pens=[W#9:31]
period=SecondHalf    | clock=  5s | timeout=none         | conf_pause=none   | pens=[W#9:30]
period=SecondHalf    | clock=  4s | timeout=none         | conf_pause=none   | pens=[W#9:29]
period=SecondHalf    | clock=  3s | timeout=none         | conf_pause=none   | pens=[W#9:28]
period=SecondHalf    | clock=  2s | timeout=none         | conf_pause=none   | pens=[W#9:27]
period=SecondHalf    | clock=  1s | timeout=none         | conf_pause=none   | pens=[W#9:26]
period=SecondHalf    | clock=  0s | timeout=none         | conf_pause=none   | pens=[W#9:25]
period=SecondHalf    | clock=  0s | timeout=none         | conf_pause=3s     | pens=[W#9:25]
period=SecondHalf    | clock=  0s | timeout=none         | conf_pause=2s     | pens=[W#9:25]
period=SecondHalf    | clock=  0s | timeout=none         | conf_pause=1s     | pens=[W#9:25]
period=SecondHalf    | clock=  0s | timeout=none         | conf_pause=0s     | pens=[W#9:25]
period=BetweenGames  | clock= 10s | timeout=none         | conf_pause=none   | pens=[W#9:0]
period=BetweenGames  | clock=  9s | timeout=none         | conf_pause=none   | pens=[W#9:0]
period=BetweenGames  | clock=  8s | timeout=none         | conf_pause=none   | pens=[W#9:0]
period=BetweenGames  | clock=  7s | timeout=none         | conf_pause=none   | pens=[W#9:0]
period=BetweenGames  | clock=  6s | timeout=none         | conf_pause=none   | pens=[W#9:0]
period=BetweenGames  | clock=  5s | timeout=none         | conf_pause=none   | pens=[W#9:0]
period=BetweenGames  | clock=  4s | timeout=none         | conf_pause=none   | pens=[W#9:0]
period=BetweenGames  | clock=  3s | timeout=none         | conf_pause=none   | pens=[W#9:0]
period=BetweenGames  | clock=  2s | timeout=none         | conf_pause=none   | pens=[W#9:0]
period=BetweenGames  | clock=  1s | timeout=none         | conf_pause=none   | pens=[W#9:0]
period=BetweenGames  | clock=  0s | timeout=none         | conf_pause=none   | pens=[W#9:0]
period=FirstHalf     | clock= 20s | timeout=none         | conf_pause=none   | pens=[W#9:65]
period=FirstHalf     | clock= 19s | timeout=none         | conf_pause=none   | pens=[W#9:64]
period=FirstHalf     | clock= 18s | timeout=none         | conf_pause=none   | pens=[W#9:63]
period=FirstHalf     | clock= 17s | timeout=none         | conf_pause=none   | pens=[W#9:62]
period=FirstHalf     | clock= 16s | timeout=none         | conf_pause=none   | pens=[W#9:61]
