period=FirstHalf     | clock= 40s | timeout=none         | conf_pause=none   | pens=[]
period=FirstHalf     | clock= 39s | timeout=none         | conf_pause=none   | pens=[]
period=FirstHalf     | clock= 38s | timeout=none         | conf_pause=none   | pens=[]
period=FirstHalf     | clock= 38s | timeout=none         | conf_pause=none   | pens=[B#7:30]
period=FirstHalf     | clock= 37s | timeout=none         | conf_pause=none   | pens=[B#7:29]
period=FirstHalf     | clock= 36s | timeout=none         | conf_pause=none   | pens=[B#7:28]
period=FirstHalf     | clock= 35s | timeout=none         | conf_pause=none   | pens=[B#7:27]
period=FirstHalf     | clock= 34s | timeout=none         | conf_pause=none   | pens=[B#7:26]
period=FirstHalf     | clock= 33s | timeout=none         | conf_pause=none   | pens=[B#7:25]
period=FirstHalf     | clock= 32s | timeout=none         | conf_pause=none   | pens=[B#7:24]
period=FirstHalf     | clock= 31s | timeout=none         | conf_pause=none   | pens=[B#7:23]
period=FirstHalf     | clock= 30s | timeout=none         | conf_pause=none   | pens=[B#7:22]
period=FirstHalf     | clock= 29s | timeout=none         | conf_pause=none   | pens=[B#7:21]
period=FirstHalf     | clock= 28s | timeout=none         | conf_pause=none   | pens=[B#7:20]
period=FirstHalf     | clock= 27s | timeout=none         | conf_pause=none   | pens=[B#7:19]
period=FirstHalf     | clock= 26s | timeout=none         | conf_pause=none   | pens=[B#7:18]
period=FirstHalf     | clock= 25s | timeout=none         | conf_pause=none   | pens=[B#7:17]
period=FirstHalf     | clock= 24s | timeout=none         | conf_pause=none   | pens=[B#7:16]
period=FirstHalf     | clock= 23s | timeout=none         | conf_pause=none   | pens=[B#7:15]
period=FirstHalf     | clock= 22s | timeout=none         | conf_pause=none   | pens=[B#7:14]
period=FirstHalf     | clock= 21s | timeout=none         | conf_pause=none   | pens=[B#7:13]
period=FirstHalf     | clock= 20s | timeout=none         | conf_pause=none   | pens=[B#7:12]
period=FirstHalf     | clock= 19s | timeout=none         | conf_pause=none   | pens=[B#7:11]
period=FirstHalf     | clock= 18s | timeout=none         | conf_pause=none   | pens=[B#7:10]
period=FirstHalf     | clock= 17s | timeout=none         | conf_pause=none   | pens=[B#7:9]
period=FirstHalf     | clock= 16s | timeout=none         | conf_pause=none   | pens=[B#7:8]
period=FirstHalf     | clock= 15s | timeout=none         | conf_pause=none   | pens=[B#7:7]
period=FirstHalf     | clock= 14s | timeout=none         | conf_pause=none   | pens=[B#7:6]
period=FirstHalf     | clock= 13s | timeout=none         | conf_pause=none   | pens=[B#7:5]
period=FirstHalf     | clock= 12s | timeout=none         | conf_pause=none   | pens=[B#7:4]
period=FirstHalf     | clock= 11s | timeout=none         | conf_pause=none   | pens=[B#7:3]
period=FirstHalf     | clock= 10s | timeout=none         | conf_pause=none   | pens=[B#7:2]
period=FirstHalf     | clock=  9s | timeout=none         | conf_pause=none   | pens=[B#7:1]
period=FirstHalf     | clock=  8s | timeout=none         | conf_pause=none   | pens=[B#7:0]
period=FirstHalf     | clock=  7s | timeout=none         | conf_pause=none   | pens=[B#7:0]
period=FirstHalf     | clock=  6s | timeout=none         | conf_pause=none   | pens=[B#7:0]
period=FirstHalf     | clock=  5s | timeout=none         | conf_pause=none   | pens=[B#7:0]
period=FirstHalf     | clock=  4s | timeout=none         | conf_pause=none   | pens=[B#7:0]
period=FirstHalf     | clock=  3s | timeout=none         | conf_pause=none   | pens=[B#7:0]
period=FirstHalf     | clock=  2s | timeout=none         | conf_pause=none   | pens=[B#7:0]
period=FirstHalf     | clock=  1s | timeout=none         | conf_pause=none   | pens=[B#7:0]
period=FirstHalf     | clock=  0s | timeout=none         | conf_pause=none   | pens=[B#7:0]
period=HalfTime      | clock=  8s | timeout=none         | conf_pause=none   | pens=[B#7:0]
period=HalfTime      | clock=  7s | timeout=none         | conf_pause=none   | pens=[B#7:0]
period=HalfTime      | clock=  6s | timeout=none         | conf_pause=none   | pens=[B#7:0]
period=HalfTime      | clock=  5s | timeout=none         | conf_pause=none   | pens=[B#7:0]
period=HalfTime      | clock=  4s | timeout=none         | conf_pause=none   | pens=[B#7:0]
period=HalfTime      | clock=  3s | timeout=none         | conf_pause=none   | pens=[B#7:0]
period=HalfTime      | clock=  2s | timeout=none         | conf_pause=none   | pens=[B#7:0]
period=HalfTime      | clock=  1s | timeout=none         | conf_pause=none   | pens=[B#7:0]
period=HalfTime      | clock=  0s | timeout=none         | conf_pause=none   | pens=[B#7:0]
period=SecondHalf    | clock= 40s | timeout=none         | conf_pause=none   | pens=[]
period=SecondHalf    | clock= 39s | timeout=none         | conf_pause=none   | pens=[]
period=SecondHalf    | clock= 38s | timeout=none         | conf_pause=none   | pens=[]
period=SecondHalf    | clock= 37s | timeout=none         | conf_pause=none   | pens=[]
period=SecondHalf    | clock= 36s | timeout=none         | conf_pause=none   | pens=[]
