period=SecondHalf    | clock=  5s | timeout=none         | conf_pause=none   | pens=[]
period=SecondHalf    | clock=  4s | timeout=none         | conf_pause=none   | pens=[]
period=SecondHalf    | clock=  3s | timeout=none         | conf_pause=none   | pens=[]
period=SecondHalf    | clock=  2s | timeout=none         | conf_pause=none   | pens=[]
period=SecondHalf    | clock=  1s | timeout=none         | conf_pause=none   | pens=[]
period=SecondHalf    | clock=  0s | timeout=none         | conf_pause=none   | pens=[]
period=SecondHalf    | clock=  0s | timeout=none         | conf_pause=3s     | pens=[]
period=SecondHalf    | clock=  0s | timeout=none         | conf_pause=2s     | pens=[]
period=SecondHalf    | clock=  0s | timeout=none         | conf_pause=1s     | pens=[]
period=SecondHalf    | clock=  0s | timeout=none         | conf_pause=0s     | pens=[]
period=BetweenGames  | clock= 10s | timeout=none         | conf_pause=none   | pens=[]
period=BetweenGames  | clock=  9s | timeout=none         | conf_pause=none   | pens=[]
period=BetweenGames  | clock=  8s | timeout=none         | conf_pause=none   | pens=[]
period=BetweenGames  | clock=  7s | timeout=none         | conf_pause=none   | pens=[]
period=BetweenGames  | clock=  6s | timeout=none         | conf_pause=none   | pens=[]
period=BetweenGames  | clock=  5s | timeout=none         | conf_pause=none   | pens=[]
period=BetweenGames  | clock=  4s | timeout=none         | conf_pause=none   | pens=[]
period=BetweenGames  | clock=  3s | timeout=none         | conf_pause=none   | pens=[]
period=BetweenGames  | clock=  2s | timeout=none         | conf_pause=none   | pens=[]
period=BetweenGames  | clock=  1s | timeout=none         | conf_pause=none   | pens=[]
period=BetweenGames  | clock=  0s | timeout=none         | conf_pause=none   | pens=[]
period=FirstHalf     | clock= 20s | timeout=none         | conf_pause=none   | pens=[]
period=FirstHalf     | clock= 19s | timeout=none         | conf_pause=none   | pens=[]
period=FirstHalf     | clock= 18s | timeout=none         | conf_pause=none   | pens=[]
