period=FirstHalf     | clock= 10s | timeout=none         | conf_pause=none   | pens=[]
period=FirstHalf     | clock=  9s | timeout=none         | conf_pause=none   | pens=[]
period=FirstHalf     | clock=  8s | timeout=none         | conf_pause=none   | pens=[]
period=FirstHalf     | clock=  7s | timeout=none         | conf_pause=none   | pens=[]
period=FirstHalf     | clock=  6s | timeout=none         | conf_pause=none   | pens=[]
period=FirstHalf     | clock=  5s | timeout=none         | conf_pause=none   | pens=[]
period=FirstHalf     | clock=  4s | timeout=none         | conf_pause=none   | pens=[]
period=FirstHalf     | clock=  3s | timeout=none         | conf_pause=none   | pens=[]
period=FirstHalf     | clock=  2s | timeout=none         | conf_pause=none   | pens=[]
period=FirstHalf     | clock=  1s | timeout=none         | conf_pause=none   | pens=[]
period=FirstHalf     | clock=  0s | timeout=none         | conf_pause=none   | pens=[]
period=PreOvertime   | clock=  5s | timeout=none         | conf_pause=none   | pens=[]
period=PreOvertime   | clock=  4s | timeout=none         | conf_pause=none   | pens=[]
period=PreOvertime   | clock=  3s | timeout=none         | conf_pause=none   | pens=[]
period=PreOvertime   | clock=  2s | timeout=none         | conf_pause=none   | pens=[]
period=PreOvertime   | clock=  1s | timeout=none         | conf_pause=none   | pens=[]
period=PreOvertime   | clock=  0s | timeout=none         | conf_pause=none   | pens=[]
period=OvertimeFirstHalf | clock= 10s | timeout=none         | conf_pause=none   | pens=[]
period=OvertimeFirstHalf | clock=  9s | timeout=none         | conf_pause=none   | pens=[]
period=OvertimeFirstHalf | clock=  8s | timeout=none         | conf_pause=none   | pens=[]
period=OvertimeFirstHalf | clock=  7s | timeout=none         | conf_pause=none   | pens=[]
period=OvertimeFirstHalf | clock=  6s | timeout=none         | conf_pause=none   | pens=[]
period=OvertimeFirstHalf | clock=  5s | timeout=none         | conf_pause=none   | pens=[]
period=OvertimeFirstHalf | clock=  4s | timeout=none         | conf_pause=none   | pens=[]
period=OvertimeFirstHalf | clock=  3s | timeout=none         | conf_pause=none   | pens=[]
period=OvertimeFirstHalf | clock=  2s | timeout=none         | conf_pause=none   | pens=[]
period=OvertimeFirstHalf | clock=  1s | timeout=none         | conf_pause=none   | pens=[]
period=OvertimeFirstHalf | clock=  0s | timeout=none         | conf_pause=none   | pens=[]
period=OvertimeHalfTime | clock=  5s | timeout=none         | conf_pause=none   | pens=[]
