period=FirstHalf     | clock= 20s | score=B0/W0   | timeout=none         | conf_pause=none   | old?=N | pens=[]
period=FirstHalf     | clock= 19s | score=B0/W0   | timeout=none         | conf_pause=none   | old?=N | pens=[]
period=FirstHalf     | clock= 18s | score=B0/W0   | timeout=none         | conf_pause=none   | old?=N | pens=[]
period=FirstHalf     | clock= 17s | score=B0/W0   | timeout=none         | conf_pause=none   | old?=N | pens=[]
period=FirstHalf     | clock= 16s | score=B0/W0   | timeout=none         | conf_pause=none   | old?=N | pens=[]
period=FirstHalf     | clock= 15s | score=B0/W0   | timeout=none         | conf_pause=none   | old?=N | pens=[]
period=FirstHalf     | clock= 15s | score=B1/W0   | timeout=none         | conf_pause=none   | old?=N | pens=[]
period=FirstHalf     | clock= 14s | score=B1/W0   | timeout=none         | conf_pause=none   | old?=N | pens=[]
period=FirstHalf     | clock= 13s | score=B1/W0   | timeout=none         | conf_pause=none   | old?=N | pens=[]
period=FirstHalf     | clock= 12s | score=B1/W0   | timeout=none         | conf_pause=none   | old?=N | pens=[]
period=FirstHalf     | clock= 11s | score=B1/W0   | timeout=none         | conf_pause=none   | old?=N | pens=[]
period=FirstHalf     | clock= 10s | score=B1/W0   | timeout=none         | conf_pause=none   | old?=N | pens=[]
period=FirstHalf     | clock=  9s | score=B1/W0   | timeout=none         | conf_pause=none   | old?=N | pens=[]
period=FirstHalf     | clock=  8s | score=B1/W0   | timeout=none         | conf_pause=none   | old?=N | pens=[]
period=FirstHalf     | clock=  7s | score=B1/W0   | timeout=none         | conf_pause=none   | old?=N | pens=[]
period=FirstHalf     | clock=  6s | score=B1/W0   | timeout=none         | conf_pause=none   | old?=N | pens=[]
period=FirstHalf     | clock=  5s | score=B1/W0   | timeout=none         | conf_pause=none   | old?=N | pens=[]
period=FirstHalf     | clock=  4s | score=B1/W0   | timeout=none         | conf_pause=none   | old?=N | pens=[]
period=FirstHalf     | clock=  3s | score=B1/W0   | timeout=none         | conf_pause=none   | old?=N | pens=[]
period=FirstHalf     | clock=  2s | score=B1/W0   | timeout=none         | conf_pause=none   | old?=N | pens=[]
period=FirstHalf     | clock=  1s | score=B1/W0   | timeout=none         | conf_pause=none   | old?=N | pens=[]
period=FirstHalf     | clock=  0s | score=B1/W0   | timeout=none         | conf_pause=none   | old?=N | pens=[]
period=BetweenGames  | clock= 10s | score=B1/W0   | timeout=none         | conf_pause=none   | old?=N | pens=[]
period=BetweenGames  | clock=  9s | score=B1/W0   | timeout=none         | conf_pause=none   | old?=N | pens=[]
period=BetweenGames  | clock=  8s | score=B1/W0   | timeout=none         | conf_pause=none   | old?=N | pens=[]
period=BetweenGames  | clock=  7s | score=B1/W0   | timeout=none         | conf_pause=none   | old?=N | pens=[]
period=BetweenGames  | clock=  6s | score=B1/W0   | timeout=none         | conf_pause=none   | old?=N | pens=[]
period=BetweenGames  | clock=  5s | score=B1/W0   | timeout=none         | conf_pause=none   | old?=N | pens=[]
period=BetweenGames  | clock=  4s | score=B1/W0   | timeout=none         | conf_pause=none   | old?=N | pens=[]
period=BetweenGames  | clock=  3s | score=B1/W0   | timeout=none         | conf_pause=none   | old?=N | pens=[]
period=BetweenGames  | clock=  2s | score=B1/W0   | timeout=none         | conf_pause=none   | old?=N | pens=[]
period=BetweenGames  | clock=  1s | score=B1/W0   | timeout=none         | conf_pause=none   | old?=N | pens=[]
period=BetweenGames  | clock=  0s | score=B1/W0   | timeout=none         | conf_pause=none   | old?=N | pens=[]
period=FirstHalf     | clock= 20s | score=B1/W0   | timeout=none         | conf_pause=none   | old?=Y | pens=[]
period=FirstHalf     | clock= 19s | score=B1/W0   | timeout=none         | conf_pause=none   | old?=Y | pens=[]
period=FirstHalf     | clock= 18s | score=B1/W0   | timeout=none         | conf_pause=none   | old?=Y | pens=[]
period=FirstHalf     | clock= 17s | score=B1/W0   | timeout=none         | conf_pause=none   | old?=Y | pens=[]
period=FirstHalf     | clock= 16s | score=B1/W0   | timeout=none         | conf_pause=none   | old?=Y | pens=[]
period=FirstHalf     | clock= 15s | score=B1/W0   | timeout=none         | conf_pause=none   | old?=Y | pens=[]
