period=OvertimeSecondHalf | clock=  5s | timeout=none         | conf_pause=none   | pens=[]
period=OvertimeSecondHalf | clock=  4s | timeout=none         | conf_pause=none   | pens=[]
period=OvertimeSecondHalf | clock=  3s | timeout=none         | conf_pause=none   | pens=[]
period=OvertimeSecondHalf | clock=  2s | timeout=none         | conf_pause=none   | pens=[]
period=OvertimeSecondHalf | clock=  1s | timeout=none         | conf_pause=none   | pens=[]
period=OvertimeSecondHalf | clock=  0s | timeout=none         | conf_pause=none   | pens=[]
period=OvertimeSecondHalf | clock=  0s | timeout=none         | conf_pause=2s     | pens=[]
period=OvertimeSecondHalf | clock=  0s | timeout=none         | conf_pause=1s     | pens=[]
period=OvertimeSecondHalf | clock=  0s | timeout=none         | conf_pause=0s     | pens=[]
period=PreSuddenDeath | clock=  2s | timeout=none         | conf_pause=none   | pens=[]
period=PreSuddenDeath | clock=  1s | timeout=none         | conf_pause=none   | pens=[]
period=PreSuddenDeath | clock=  0s | timeout=none         | conf_pause=none   | pens=[]
period=SuddenDeath   | clock=  0s | timeout=none         | conf_pause=none   | pens=[]
period=SuddenDeath   | clock=  1s | timeout=none         | conf_pause=none   | pens=[]
period=SuddenDeath   | clock=  2s | timeout=none         | conf_pause=none   | pens=[]
period=SuddenDeath   | clock=  3s | timeout=none         | conf_pause=none   | pens=[]
period=SuddenDeath   | clock=  4s | timeout=none         | conf_pause=none   | pens=[]
period=SuddenDeath   | clock=  5s | timeout=Ref:0s       | conf_pause=none   | pens=[]
period=SuddenDeath   | clock=  5s | timeout=Ref:1s       | conf_pause=none   | pens=[]
period=SuddenDeath   | clock=  5s | timeout=Ref:2s       | conf_pause=none   | pens=[]
period=SuddenDeath   | clock=  5s | timeout=Ref:3s       | conf_pause=none   | pens=[]
period=SuddenDeath   | clock=  5s | timeout=Ref:4s       | conf_pause=none   | pens=[]
period=SuddenDeath   | clock=  5s | timeout=Ref:5s       | conf_pause=none   | pens=[]
period=SuddenDeath   | clock=  5s | timeout=Ref:6s       | conf_pause=none   | pens=[]
period=SuddenDeath   | clock=  5s | timeout=Ref:7s       | conf_pause=none   | pens=[]
period=SuddenDeath   | clock=  5s | timeout=Ref:8s       | conf_pause=none   | pens=[]
period=SuddenDeath   | clock=  5s | timeout=Ref:9s       | conf_pause=none   | pens=[]
period=SuddenDeath   | clock=  5s | timeout=none         | conf_pause=none   | pens=[]
period=SuddenDeath   | clock=  6s | timeout=none         | conf_pause=none   | pens=[]
period=SuddenDeath   | clock=  7s | timeout=none         | conf_pause=none   | pens=[]
period=SuddenDeath   | clock=  8s | timeout=none         | conf_pause=none   | pens=[]
period=SuddenDeath   | clock=  9s | timeout=none         | conf_pause=none   | pens=[]
period=SuddenDeath   | clock= 10s | timeout=none         | conf_pause=none   | pens=[]
period=SuddenDeath   | clock= 11s | timeout=none         | conf_pause=none   | pens=[]
period=SuddenDeath   | clock= 12s | timeout=none         | conf_pause=none   | pens=[]
period=SuddenDeath   | clock= 13s | timeout=none         | conf_pause=none   | pens=[]
period=SuddenDeath   | clock= 14s | timeout=none         | conf_pause=none   | pens=[]
period=SuddenDeath   | clock= 15s | timeout=none         | conf_pause=none   | pens=[]
period=SuddenDeath   | clock= 16s | timeout=none         | conf_pause=none   | pens=[]
period=SuddenDeath   | clock= 17s | timeout=none         | conf_pause=none   | pens=[]
period=SuddenDeath   | clock= 18s | timeout=none         | conf_pause=none   | pens=[]
period=SuddenDeath   | clock= 19s | timeout=none         | conf_pause=none   | pens=[]
period=SuddenDeath   | clock= 20s | timeout=none         | conf_pause=none   | pens=[]
