period=FirstHalf     | clock= 20s | timeout=none         | conf_pause=none   | pens=[]
period=FirstHalf     | clock= 19s | timeout=none         | conf_pause=none   | pens=[]
period=FirstHalf     | clock= 18s | timeout=none         | conf_pause=none   | pens=[]
period=FirstHalf     | clock= 17s | timeout=none         | conf_pause=none   | pens=[]
period=FirstHalf     | clock= 16s | timeout=none         | conf_pause=none   | pens=[]
period=FirstHalf     | clock= 15s | timeout=none         | conf_pause=none   | pens=[]
period=FirstHalf     | clock= 14s | timeout=none         | conf_pause=none   | pens=[]
period=FirstHalf     | clock= 13s | timeout=none         | conf_pause=none   | pens=[]
period=FirstHalf     | clock= 12s | timeout=none         | conf_pause=none   | pens=[]
period=FirstHalf     | clock= 11s | timeout=none         | conf_pause=none   | pens=[]
period=FirstHalf     | clock= 10s | timeout=none         | conf_pause=none   | pens=[]
period=FirstHalf     | clock=  9s | timeout=none         | conf_pause=none   | pens=[]
period=FirstHalf     | clock=  8s | timeout=none         | conf_pause=none   | pens=[]
period=FirstHalf     | clock=  7s | timeout=none         | conf_pause=none   | pens=[]
period=FirstHalf     | clock=  6s | timeout=none         | conf_pause=none   | pens=[]
period=FirstHalf     | clock=  5s | timeout=none         | conf_pause=none   | pens=[]
period=FirstHalf     | clock=  5s | timeout=White:15s    | conf_pause=none   | pens=[]
period=FirstHalf     | clock=  5s | timeout=White:14s    | conf_pause=none   | pens=[]
period=FirstHalf     | clock=  5s | timeout=White:13s    | conf_pause=none   | pens=[]
period=FirstHalf     | clock=  5s | timeout=White:12s    | conf_pause=none   | pens=[]
period=FirstHalf     | clock=  5s | timeout=White:11s    | conf_pause=none   | pens=[]
period=FirstHalf     | clock=  5s | timeout=White:10s    | conf_pause=none   | pens=[]
period=FirstHalf     | clock=  5s | timeout=White:9s     | conf_pause=none   | pens=[]
period=FirstHalf     | clock=  5s | timeout=White:8s     | conf_pause=none   | pens=[]
period=FirstHalf     | clock=  5s | timeout=White:7s     | conf_pause=none   | pens=[]
period=FirstHalf     | clock=  5s | timeout=White:6s     | conf_pause=none   | pens=[]
period=FirstHalf     | clock=  5s | timeout=White:5s     | conf_pause=none   | pens=[]
period=FirstHalf     | clock=  5s | timeout=none         | conf_pause=none   | pens=[]
period=FirstHalf     | clock=  4s | timeout=none         | conf_pause=none   | pens=[]
period=FirstHalf     | clock=  3s | timeout=none         | conf_pause=none   | pens=[]
period=FirstHalf     | clock=  2s | timeout=none         | conf_pause=none   | pens=[]
period=FirstHalf     | clock=  1s | timeout=none         | conf_pause=none   | pens=[]
period=FirstHalf     | clock=  0s | timeout=none         | conf_pause=none   | pens=[]
period=HalfTime      | clock=  8s | timeout=none         | conf_pause=none   | pens=[]
period=HalfTime      | clock=  7s | timeout=none         | conf_pause=none   | pens=[]
period=HalfTime      | clock=  6s | timeout=none         | conf_pause=none   | pens=[]
period=HalfTime      | clock=  5s | timeout=none         | conf_pause=none   | pens=[]
period=HalfTime      | clock=  4s | timeout=none         | conf_pause=none   | pens=[]
period=HalfTime      | clock=  3s | timeout=none         | conf_pause=none   | pens=[]
period=HalfTime      | clock=  2s | timeout=none         | conf_pause=none   | pens=[]
period=HalfTime      | clock=  1s | timeout=none         | conf_pause=none   | pens=[]
period=HalfTime      | clock=  0s | timeout=none         | conf_pause=none   | pens=[]
period=SecondHalf    | clock= 20s | timeout=none         | conf_pause=none   | pens=[]
period=SecondHalf    | clock= 19s | timeout=none         | conf_pause=none   | pens=[]
period=SecondHalf    | clock= 18s | timeout=none         | conf_pause=none   | pens=[]
period=SecondHalf    | clock= 17s | timeout=none         | conf_pause=none   | pens=[]
period=SecondHalf    | clock= 16s | timeout=none         | conf_pause=none   | pens=[]
period=SecondHalf    | clock= 15s | timeout=none         | conf_pause=none   | pens=[]
period=SecondHalf    | clock= 14s | timeout=none         | conf_pause=none   | pens=[]
period=SecondHalf    | clock= 13s | timeout=none         | conf_pause=none   | pens=[]
period=SecondHalf    | clock= 12s | timeout=none         | conf_pause=none   | pens=[]
period=SecondHalf    | clock= 11s | timeout=none         | conf_pause=none   | pens=[]
period=SecondHalf    | clock= 10s | timeout=none         | conf_pause=none   | pens=[]
period=SecondHalf    | clock=  9s | timeout=none         | conf_pause=none   | pens=[]
period=SecondHalf    | clock=  8s | timeout=none         | conf_pause=none   | pens=[]
period=SecondHalf    | clock=  7s | timeout=none         | conf_pause=none   | pens=[]
period=SecondHalf    | clock=  6s | timeout=none         | conf_pause=none   | pens=[]
period=SecondHalf    | clock=  5s | timeout=none         | conf_pause=none   | pens=[]
period=SecondHalf    | clock=  4s | timeout=none         | conf_pause=none   | pens=[]
period=SecondHalf    | clock=  3s | timeout=none         | conf_pause=none   | pens=[]
